<?xml version="1.0" encoding="UTF-8"?>
<testng-results ignored="0" total="4" passed="4" failed="0" skipped="0">
  <reporter-output>
  </reporter-output>
  <suite started-at="2022-10-01T14:59:27 IST" name="SwagLabs Suite" finished-at="2022-10-01T14:59:28 IST" duration-ms="1547">
    <groups>
    </groups>
    <test started-at="2022-10-01T14:59:27 IST" name="Login" finished-at="2022-10-01T14:59:27 IST" duration-ms="326">
      <class name="testCases.LoginTestCase">
        <test-method signature="Login()[pri:0, instance:testCases.LoginTestCase@7880cdf3]" started-at="2022-10-01T14:59:27 IST" name="Login" finished-at="2022-10-01T14:59:27 IST" duration-ms="273" status="PASS">
          <reporter-output>
          </reporter-output>
        </test-method> <!-- Login -->
      </class> <!-- testCases.LoginTestCase -->
    </test> <!-- Login -->
    <test started-at="2022-10-01T14:59:27 IST" name="Add Cart" finished-at="2022-10-01T14:59:28 IST" duration-ms="531">
      <class name="testCases.SelectTestCase">
        <test-method signature="AddToCart()[pri:0, instance:testCases.SelectTestCase@30ee2816]" started-at="2022-10-01T14:59:27 IST" name="AddToCart" finished-at="2022-10-01T14:59:28 IST" duration-ms="525" status="PASS">
          <reporter-output>
          </reporter-output>
        </test-method> <!-- AddToCart -->
      </class> <!-- testCases.SelectTestCase -->
    </test> <!-- Add Cart -->
    <test started-at="2022-10-01T14:59:28 IST" name="Checkout" finished-at="2022-10-01T14:59:28 IST" duration-ms="497">
      <class name="testCases.CheckOutTestCase">
        <test-method signature="checkout()[pri:0, instance:testCases.CheckOutTestCase@3f197a46]" started-at="2022-10-01T14:59:28 IST" name="checkout" finished-at="2022-10-01T14:59:28 IST" duration-ms="496" status="PASS">
          <reporter-output>
          </reporter-output>
        </test-method> <!-- checkout -->
      </class> <!-- testCases.CheckOutTestCase -->
    </test> <!-- Checkout -->
    <test started-at="2022-10-01T14:59:28 IST" name="OrderConfirmation" finished-at="2022-10-01T14:59:28 IST" duration-ms="131">
      <class name="testCases.OrderConfirmationTestCase">
        <test-method is-config="true" signature="openGoogle()[pri:0, instance:testCases.OrderConfirmationTestCase@1725dc0f]" started-at="2022-10-01T14:59:25 IST" name="openGoogle" finished-at="2022-10-01T14:59:27 IST" duration-ms="1725" status="PASS">
          <reporter-output>
          </reporter-output>
        </test-method> <!-- openGoogle -->
        <test-method signature="orderConfirmation()[pri:0, instance:testCases.OrderConfirmationTestCase@1725dc0f]" started-at="2022-10-01T14:59:28 IST" name="orderConfirmation" finished-at="2022-10-01T14:59:28 IST" duration-ms="128" status="PASS">
          <reporter-output>
          </reporter-output>
        </test-method> <!-- orderConfirmation -->
        <test-method is-config="true" signature="tearDown()[pri:0, instance:testCases.OrderConfirmationTestCase@1725dc0f]" started-at="2022-10-01T14:59:28 IST" name="tearDown" finished-at="2022-10-01T14:59:28 IST" duration-ms="2" status="PASS">
          <reporter-output>
          </reporter-output>
        </test-method> <!-- tearDown -->
      </class> <!-- testCases.OrderConfirmationTestCase -->
    </test> <!-- OrderConfirmation -->
  </suite> <!-- SwagLabs Suite -->
</testng-results>
